<?xml version="1.0" encoding="UTF-8"?>
<!-- Generated by org.testng.reporters.JUnitReportReporter -->
<testsuite hostname="LAPTOP-B9TEU0I3" name="practice.TestCases" tests="1" failures="0" timestamp="26 Feb 2019 23:01:36 GMT" time="18.500" errors="0">
  <testcase name="testCase1" time="18.500" classname="practice.TestCases"/>
</testsuite> <!-- practice.TestCases -->
